<execution>
<experimentid> 1</experimentid>
<approach>SEMI1WF</approach>
<tasksetid> 64</tasksetid>
<experimentisnotvalid>FALSE</experimentisnotvalid>
<safeboundaryexceeded>FALSE</safeboundaryexceeded>
<guiltytask>-2</guiltytask>
<tasks>
<task>
<priority> 0</priority><basecpu> 1</basecpu>
<criticality>HIGH</criticality>
<migrable>False</migrable>
<deadlinesmissed> 0</deadlinesmissed>
<budgetexceeded> 0</budgetexceeded>
<timesdiscarded> 0</timesdiscarded>
<timesmigrated> 0</timesmigrated>
<timesrestored> 0</timesrestored>
<timesonc1> 1</timesonc1>
<timesonc2> 0</timesonc2>
<lockedtime> 0.000000000</lockedtime>
</task>
<task>
<priority> 2</priority><basecpu> 1</basecpu>
<criticality>HIGH</criticality>
<migrable>False</migrable>
<deadlinesmissed> 0</deadlinesmissed>
<budgetexceeded> 0</budgetexceeded>
<timesdiscarded> 0</timesdiscarded>
<timesmigrated> 0</timesmigrated>
<timesrestored> 0</timesrestored>
<timesonc1> 5</timesonc1>
<timesonc2> 0</timesonc2>
<lockedtime> 0.000000000</lockedtime>
</task>
<task>
<priority> 1</priority><basecpu> 1</basecpu>
<criticality>HIGH</criticality>
<migrable>False</migrable>
<deadlinesmissed> 0</deadlinesmissed>
<budgetexceeded> 0</budgetexceeded>
<timesdiscarded> 0</timesdiscarded>
<timesmigrated> 0</timesmigrated>
<timesrestored> 0</timesrestored>
<timesonc1> 2</timesonc1>
<timesonc2> 0</timesonc2>
<lockedtime> 0.000000000</lockedtime>
</task>
<task>
<priority> 4</priority><basecpu> 1</basecpu>
<criticality>LOW</criticality>
<migrable>False</migrable>
<deadlinesmissed> 0</deadlinesmissed>
<budgetexceeded> 0</budgetexceeded>
<timesdiscarded> 0</timesdiscarded>
<timesmigrated> 0</timesmigrated>
<timesrestored> 0</timesrestored>
<timesonc1> 8</timesonc1>
<timesonc2> 0</timesonc2>
<lockedtime> 0.000000000</lockedtime>
</task>
<task>
<priority> 5</priority><basecpu> 1</basecpu>
<criticality>LOW</criticality>
<migrable>False</migrable>
<deadlinesmissed> 0</deadlinesmissed>
<budgetexceeded> 0</budgetexceeded>
<timesdiscarded> 0</timesdiscarded>
<timesmigrated> 0</timesmigrated>
<timesrestored> 0</timesrestored>
<timesonc1> 16</timesonc1>
<timesonc2> 0</timesonc2>
<lockedtime> 0.000000402</lockedtime>
</task>
<task>
<priority> 3</priority><basecpu> 1</basecpu>
<criticality>LOW</criticality>
<migrable>True</migrable>
<deadlinesmissed> 0</deadlinesmissed>
<budgetexceeded> 0</budgetexceeded>
<timesdiscarded> 0</timesdiscarded>
<timesmigrated> 0</timesmigrated>
<timesrestored> 0</timesrestored>
<timesonc1> 3</timesonc1>
<timesonc2> 0</timesonc2>
<lockedtime> 0.000000000</lockedtime>
</task>
<task>
<priority> 41</priority><basecpu> 2</basecpu>
<criticality>HIGH</criticality>
<migrable>False</migrable>
<deadlinesmissed> 0</deadlinesmissed>
<budgetexceeded> 0</budgetexceeded>
<timesdiscarded> 0</timesdiscarded>
<timesmigrated> 0</timesmigrated>
<timesrestored> 0</timesrestored>
<timesonc1> 0</timesonc1>
<timesonc2> 1</timesonc2>
<lockedtime> 0.000000000</lockedtime>
</task>
<task>
<priority> 42</priority><basecpu> 2</basecpu>
<criticality>HIGH</criticality>
<migrable>False</migrable>
<deadlinesmissed> 0</deadlinesmissed>
<budgetexceeded> 0</budgetexceeded>
<timesdiscarded> 0</timesdiscarded>
<timesmigrated> 0</timesmigrated>
<timesrestored> 0</timesrestored>
<timesonc1> 0</timesonc1>
<timesonc2> 2</timesonc2>
<lockedtime> 0.000000135</lockedtime>
</task>
<task>
<priority> 43</priority><basecpu> 2</basecpu>
<criticality>HIGH</criticality>
<migrable>False</migrable>
<deadlinesmissed> 0</deadlinesmissed>
<budgetexceeded> 0</budgetexceeded>
<timesdiscarded> 0</timesdiscarded>
<timesmigrated> 0</timesmigrated>
<timesrestored> 0</timesrestored>
<timesonc1> 0</timesonc1>
<timesonc2> 7</timesonc2>
<lockedtime> 0.000000000</lockedtime>
</task>
<task>
<priority> 45</priority><basecpu> 2</basecpu>
<criticality>LOW</criticality>
<migrable>False</migrable>
<deadlinesmissed> 0</deadlinesmissed>
<budgetexceeded> 0</budgetexceeded>
<timesdiscarded> 0</timesdiscarded>
<timesmigrated> 0</timesmigrated>
<timesrestored> 0</timesrestored>
<timesonc1> 0</timesonc1>
<timesonc2> 9</timesonc2>
<lockedtime> 0.000000000</lockedtime>
</task>
<task>
<priority> 46</priority><basecpu> 2</basecpu>
<criticality>LOW</criticality>
<migrable>False</migrable>
<deadlinesmissed> 0</deadlinesmissed>
<budgetexceeded> 0</budgetexceeded>
<timesdiscarded> 0</timesdiscarded>
<timesmigrated> 0</timesmigrated>
<timesrestored> 0</timesrestored>
<timesonc1> 0</timesonc1>
<timesonc2> 9</timesonc2>
<lockedtime> 0.000000495</lockedtime>
</task>
<task>
<priority> 44</priority><basecpu> 2</basecpu>
<criticality>LOW</criticality>
<migrable>False</migrable>
<deadlinesmissed> 0</deadlinesmissed>
<budgetexceeded> 0</budgetexceeded>
<timesdiscarded> 0</timesdiscarded>
<timesmigrated> 0</timesmigrated>
<timesrestored> 0</timesrestored>
<timesonc1> 0</timesonc1>
<timesonc2> 1</timesonc2>
<lockedtime> 0.000000000</lockedtime>
</task>
</tasks>
<tasksetisschedulable>TRUE</tasksetisschedulable>
<cores>
<cpu>
<id> 1</id>
<lowtohigh> 0</lowtohigh>
<hightolow> 0</hightolow>
<idletime> 4.499524709</idletime>
</cpu>
<cpu>
<id> 2</id>
<lowtohigh> 0</lowtohigh>
<hightolow> 0</hightolow>
<idletime> 4.799666135</idletime>
</cpu>
</cores>
</execution>
